Build started 2/16/2013 1:32:25 PM.
     1>Project "C:\Users\Alden\Documents\Visual Studio 2010\Projects\SFMLframefork\SFMLframefork.vcxproj" on node 2 (build target(s)).
     1>InitializeBuildStatus:
         Creating "Debug\SFMLframefork.unsuccessfulbuild" because "AlwaysCreate" was specified.
       ClCompile:
         c:\Program Files (x86)\Microsoft Visual Studio 10.0\VC\bin\CL.exe /c /ZI /nologo /W3 /WX- /Od /Oy- /D SFML_DYNAMIC /D WIN32 /D _DEBUG /D _CONSOLE /D _UNICODE /D UNICODE /Gm /EHsc /RTC1 /MDd /GS /fp:precise /Zc:wchar_t /Zc:forScope /Fo"Debug\\" /Fd"Debug\vc100.pdb" /Gd /TP /analyze- /errorReport:prompt world.cpp
         world.cpp
     1>c:\users\alden\documents\visual studio 2010\projects\sfmlframefork\world.cpp(9): warning C4305: '=' : truncation from 'double' to 'GLfloat'
     1>c:\users\alden\documents\visual studio 2010\projects\sfmlframefork\world.cpp(25): warning C4305: 'initializing' : truncation from 'double' to 'GLfloat'
     1>c:\users\alden\documents\visual studio 2010\projects\sfmlframefork\world.cpp(53): warning C4244: 'initializing' : conversion from 'GLfloat' to 'int', possible loss of data
     1>c:\users\alden\documents\visual studio 2010\projects\sfmlframefork\world.cpp(53): warning C4244: 'initializing' : conversion from 'GLfloat' to 'int', possible loss of data
       ManifestResourceCompile:
         All outputs are up-to-date.
       Link:
         c:\Program Files (x86)\Microsoft Visual Studio 10.0\VC\bin\link.exe /ERRORREPORT:PROMPT /OUT:"C:\Users\Alden\Documents\Visual Studio 2010\Projects\SFMLframefork\Debug\SFMLframefork.exe" /INCREMENTAL /NOLOGO "sfml-system-d.lib" "sfml-window-d.lib" "sfml-network-d.lib" "sfml-graphics-d.lib" "sfml-main-d.lib" "sfml-audio-d.lib" glu32.lib glut32.lib opengl32.lib kernel32.lib user32.lib gdi32.lib winspool.lib comdlg32.lib advapi32.lib shell32.lib ole32.lib oleaut32.lib uuid.lib odbc32.lib odbccp32.lib kernel32.lib user32.lib gdi32.lib winspool.lib comdlg32.lib advapi32.lib shell32.lib ole32.lib oleaut32.lib uuid.lib odbc32.lib odbccp32.lib /MANIFEST /ManifestFile:"Debug\SFMLframefork.exe.intermediate.manifest" /MANIFESTUAC:"level='asInvoker' uiAccess='false'" /DEBUG /PDB:"C:\Users\Alden\Documents\Visual Studio 2010\Projects\SFMLframefork\Debug\SFMLframefork.pdb" /SUBSYSTEM:CONSOLE /TLBID:1 /DYNAMICBASE /NXCOMPAT /IMPLIB:"C:\Users\Alden\Documents\Visual Studio 2010\Projects\SFMLframefork\Debug\SFMLframefork.lib" /MACHINE:X86 Debug\SFMLframefork.exe.embed.manifest.res
         Debug\atom.obj
         Debug\box.obj
         Debug\camera.obj
         Debug\display.obj
         Debug\input.obj
         Debug\interface.obj
         Debug\octree.obj
         Debug\settings.obj
         Debug\system.obj
         Debug\world.obj
       Manifest:
         C:\Program Files (x86)\Microsoft SDKs\Windows\v7.0A\bin\mt.exe /nologo /verbose /out:"Debug\SFMLframefork.exe.embed.manifest" /manifest Debug\SFMLframefork.exe.intermediate.manifest
         All outputs are up-to-date.
       LinkEmbedManifest:
         All outputs are up-to-date.
         SFMLframefork.vcxproj -> C:\Users\Alden\Documents\Visual Studio 2010\Projects\SFMLframefork\Debug\SFMLframefork.exe
       FinalizeBuildStatus:
         Deleting file "Debug\SFMLframefork.unsuccessfulbuild".
         Touching "Debug\SFMLframefork.lastbuildstate".
     1>Done Building Project "C:\Users\Alden\Documents\Visual Studio 2010\Projects\SFMLframefork\SFMLframefork.vcxproj" (build target(s)).

Build succeeded.

Time Elapsed 00:00:04.48
