C:\USERS\ALDEN\DOCUMENTS\VISUAL STUDIO 2010\PROJECTS\SFMLFRAMEFORK\DEBUG\ATOM.OBJ
C:\USERS\ALDEN\DOCUMENTS\VISUAL STUDIO 2010\PROJECTS\SFMLFRAMEFORK\DEBUG\BOX.OBJ
C:\USERS\ALDEN\DOCUMENTS\VISUAL STUDIO 2010\PROJECTS\SFMLFRAMEFORK\DEBUG\CAMERA.OBJ
C:\Users\Alden\Documents\Visual Studio 2010\Projects\SFMLframefork\Debug\cl.command.1.tlog
C:\Users\Alden\Documents\Visual Studio 2010\Projects\SFMLframefork\Debug\CL.read.1.tlog
C:\Users\Alden\Documents\Visual Studio 2010\Projects\SFMLframefork\Debug\CL.write.1.tlog
C:\USERS\ALDEN\DOCUMENTS\VISUAL STUDIO 2010\PROJECTS\SFMLFRAMEFORK\DEBUG\DISPLAY.OBJ
C:\USERS\ALDEN\DOCUMENTS\VISUAL STUDIO 2010\PROJECTS\SFMLFRAMEFORK\DEBUG\INPUT.OBJ
C:\USERS\ALDEN\DOCUMENTS\VISUAL STUDIO 2010\PROJECTS\SFMLFRAMEFORK\DEBUG\INTERFACE.OBJ
C:\Users\Alden\Documents\Visual Studio 2010\Projects\SFMLframefork\Debug\link.11820.read.1.tlog
C:\Users\Alden\Documents\Visual Studio 2010\Projects\SFMLframefork\Debug\link.11820.write.1.tlog
C:\Users\Alden\Documents\Visual Studio 2010\Projects\SFMLframefork\Debug\link.11820-cvtres.read.1.tlog
C:\Users\Alden\Documents\Visual Studio 2010\Projects\SFMLframefork\Debug\link.11820-cvtres.write.1.tlog
C:\Users\Alden\Documents\Visual Studio 2010\Projects\SFMLframefork\Debug\link.8220.read.1.tlog
C:\Users\Alden\Documents\Visual Studio 2010\Projects\SFMLframefork\Debug\link.8220.write.1.tlog
C:\Users\Alden\Documents\Visual Studio 2010\Projects\SFMLframefork\Debug\link.8220-cvtres.read.1.tlog
C:\Users\Alden\Documents\Visual Studio 2010\Projects\SFMLframefork\Debug\link.8220-cvtres.write.1.tlog
C:\Users\Alden\Documents\Visual Studio 2010\Projects\SFMLframefork\Debug\link.command.1.tlog
C:\Users\Alden\Documents\Visual Studio 2010\Projects\SFMLframefork\Debug\link.read.1.tlog
C:\Users\Alden\Documents\Visual Studio 2010\Projects\SFMLframefork\Debug\link.write.1.tlog
C:\Users\Alden\Documents\Visual Studio 2010\Projects\SFMLframefork\Debug\link-cvtres.read.1.tlog
C:\Users\Alden\Documents\Visual Studio 2010\Projects\SFMLframefork\Debug\link-cvtres.write.1.tlog
C:\Users\Alden\Documents\Visual Studio 2010\Projects\SFMLframefork\Debug\mt.command.1.tlog
C:\Users\Alden\Documents\Visual Studio 2010\Projects\SFMLframefork\Debug\mt.read.1.tlog
C:\Users\Alden\Documents\Visual Studio 2010\Projects\SFMLframefork\Debug\mt.write.1.tlog
C:\Users\Alden\Documents\Visual Studio 2010\Projects\SFMLframefork\Debug\rc.command.1.tlog
C:\Users\Alden\Documents\Visual Studio 2010\Projects\SFMLframefork\Debug\rc.read.1.tlog
C:\Users\Alden\Documents\Visual Studio 2010\Projects\SFMLframefork\Debug\rc.write.1.tlog
C:\USERS\ALDEN\DOCUMENTS\VISUAL STUDIO 2010\PROJECTS\SFMLFRAMEFORK\DEBUG\SETTINGS.OBJ
C:\USERS\ALDEN\DOCUMENTS\VISUAL STUDIO 2010\PROJECTS\SFMLFRAMEFORK\DEBUG\SFMLFRAMEFORK.EXE
C:\USERS\ALDEN\DOCUMENTS\VISUAL STUDIO 2010\PROJECTS\SFMLFRAMEFORK\DEBUG\SFMLFRAMEFORK.EXE.EMBED.MANIFEST
C:\USERS\ALDEN\DOCUMENTS\VISUAL STUDIO 2010\PROJECTS\SFMLFRAMEFORK\DEBUG\SFMLFRAMEFORK.EXE.EMBED.MANIFEST.RES
C:\USERS\ALDEN\DOCUMENTS\VISUAL STUDIO 2010\PROJECTS\SFMLFRAMEFORK\DEBUG\SFMLFRAMEFORK.EXE.INTERMEDIATE.MANIFEST
C:\USERS\ALDEN\DOCUMENTS\VISUAL STUDIO 2010\PROJECTS\SFMLFRAMEFORK\DEBUG\SFMLFRAMEFORK.ILK
C:\USERS\ALDEN\DOCUMENTS\VISUAL STUDIO 2010\PROJECTS\SFMLFRAMEFORK\DEBUG\SFMLFRAMEFORK.PDB
C:\Users\Alden\Documents\Visual Studio 2010\Projects\SFMLframefork\Debug\SFMLframefork_manifest.rc
C:\USERS\ALDEN\DOCUMENTS\VISUAL STUDIO 2010\PROJECTS\SFMLFRAMEFORK\DEBUG\SYSTEM.OBJ
C:\Users\Alden\Documents\Visual Studio 2010\Projects\SFMLframefork\Debug\vc100.idb
C:\USERS\ALDEN\DOCUMENTS\VISUAL STUDIO 2010\PROJECTS\SFMLFRAMEFORK\DEBUG\VC100.PDB
C:\USERS\ALDEN\DOCUMENTS\VISUAL STUDIO 2010\PROJECTS\SFMLFRAMEFORK\DEBUG\WORLD.OBJ
